<?xml version="1.0" encoding="UTF-8"?>
<testng-results skipped="0" failed="0" total="0" passed="0">
  <reporter-output>
  </reporter-output>
  <suite name="Default suite" duration-ms="15" started-at="2020-03-11T10:52:52Z" finished-at="2020-03-11T10:52:52Z">
    <groups>
    </groups>
    <test name="Default test" duration-ms="15" started-at="2020-03-11T10:52:52Z" finished-at="2020-03-11T10:52:52Z">
      <class name="launchingWeb.TestngProject">
        <test-method status="PASS" signature="beforesuite()[pri:0, instance:launchingWeb.TestngProject@f5f2bb7]" name="beforesuite" is-config="true" duration-ms="13" started-at="2020-03-11T16:22:52Z" finished-at="2020-03-11T16:22:52Z">
          <reporter-output>
          </reporter-output>
        </test-method> <!-- beforesuite -->
        <test-method status="PASS" signature="beforetest()[pri:0, instance:launchingWeb.TestngProject@f5f2bb7]" name="beforetest" is-config="true" duration-ms="1" started-at="2020-03-11T16:22:52Z" finished-at="2020-03-11T16:22:52Z">
          <reporter-output>
          </reporter-output>
        </test-method> <!-- beforetest -->
        <test-method status="PASS" signature="aftertest()[pri:0, instance:launchingWeb.TestngProject@f5f2bb7]" name="aftertest" is-config="true" duration-ms="1" started-at="2020-03-11T16:22:52Z" finished-at="2020-03-11T16:22:52Z">
          <reporter-output>
          </reporter-output>
        </test-method> <!-- aftertest -->
        <test-method status="PASS" signature="aftersuite()[pri:0, instance:launchingWeb.TestngProject@f5f2bb7]" name="aftersuite" is-config="true" duration-ms="1" started-at="2020-03-11T16:22:52Z" finished-at="2020-03-11T16:22:52Z">
          <reporter-output>
          </reporter-output>
        </test-method> <!-- aftersuite -->
      </class> <!-- launchingWeb.TestngProject -->
    </test> <!-- Default test -->
  </suite> <!-- Default suite -->
</testng-results>
